#! /usr/bin/vvp
:ivl_version "10.3 (stable)";
:ivl_delay_selection "TYPICAL";
:vpi_time_precision + 0;
:vpi_module "system";
:vpi_module "vhdl_sys";
:vpi_module "v2005_math";
:vpi_module "va_math";
S_0x5604f20df890 .scope module, "tb" "tb" 2 3;
 .timescale 0 0;
v0x5604f20ee3d0_0 .var "clk", 0 0;
v0x5604f20ee470_0 .net "ini", 0 0, v0x5604f20ee2b0_0;  1 drivers
S_0x5604f20aa070 .scope module, "test" "init" 2 8, 3 1 0, S_0x5604f20df890;
 .timescale 0 0;
    .port_info 0 /INPUT 1 "clk"
    .port_info 1 /OUTPUT 1 "ini"
v0x5604f20aa240_0 .net "clk", 0 0, v0x5604f20ee3d0_0;  1 drivers
v0x5604f20ee2b0_0 .var "ini", 0 0;
E_0x5604f20aa690 .event posedge, v0x5604f20aa240_0;
    .scope S_0x5604f20aa070;
T_0 ;
    %pushi/vec4 0, 0, 1;
    %store/vec4 v0x5604f20ee2b0_0, 0, 1;
    %end;
    .thread T_0;
    .scope S_0x5604f20aa070;
T_1 ;
    %wait E_0x5604f20aa690;
    %pushi/vec4 1, 0, 1;
    %assign/vec4 v0x5604f20ee2b0_0, 0;
    %jmp T_1;
    .thread T_1;
    .scope S_0x5604f20df890;
T_2 ;
    %pushi/vec4 0, 0, 1;
    %store/vec4 v0x5604f20ee3d0_0, 0, 1;
    %end;
    .thread T_2;
    .scope S_0x5604f20df890;
T_3 ;
    %delay 2, 0;
    %load/vec4 v0x5604f20ee3d0_0;
    %inv;
    %store/vec4 v0x5604f20ee3d0_0, 0, 1;
    %jmp T_3;
    .thread T_3;
    .scope S_0x5604f20df890;
T_4 ;
    %vpi_call 2 16 "$dumpfile", "init_tb.vcd" {0 0 0};
    %vpi_call 2 17 "$dumpvars" {0 0 0};
    %delay 20, 0;
    %vpi_call 2 19 "$finish" {0 0 0};
    %end;
    .thread T_4;
# The file index is used to find the file name in the following table.
:file_names 4;
    "N/A";
    "<interactive>";
    "initializator_tb.v";
    "./initializator.v";
